<?xml version="1.0" encoding="UTF-8" ?>
<testsuite failures="0" time="0.866" errors="0" skipped="0" tests="6" name="es.mityc.firmaJava.TestValidation">
  <properties>
[...]
</properties>
  <testcase time="0.51" classname="es.mityc.firmaJava.TestValidation" name="validaCli122BesValid"/>
  <testcase time="0.092" classname="es.mityc.firmaJava.TestValidation" name="validaCli122TValid"/>
  <testcase time="0.093" classname="es.mityc.firmaJava.TestValidation" name="validaCli122XLValid"/>
  <testcase time="0.014" classname="es.mityc.firmaJava.TestValidation" name="validaCli132BesValid"/>
  <testcase time="0.017" classname="es.mityc.firmaJava.TestValidation" name="validaCli132TValid"/>
  <testcase time="0.036" classname="es.mityc.firmaJava.TestValidation" name="validaCli132XLValid"/>
</testsuite>